                              1 ;--------------------------------------------------------
                              2 ; File Created by SDCC : free open source ANSI-C Compiler
                              3 ; Version 3.6.8 #9946 (Linux)
                              4 ;--------------------------------------------------------
                              5 	.module enemy
                              6 	.optsdcc -mz80
                              7 	
                              8 ;--------------------------------------------------------
                              9 ; Public variables in this module
                             10 ;--------------------------------------------------------
                             11 	.globl _sp_enemy_ship
                             12 ;--------------------------------------------------------
                             13 ; special function registers
                             14 ;--------------------------------------------------------
                             15 ;--------------------------------------------------------
                             16 ; ram data
                             17 ;--------------------------------------------------------
                             18 	.area _DATA
                             19 ;--------------------------------------------------------
                             20 ; ram data
                             21 ;--------------------------------------------------------
                             22 	.area _INITIALIZED
                             23 ;--------------------------------------------------------
                             24 ; absolute external ram data
                             25 ;--------------------------------------------------------
                             26 	.area _DABS (ABS)
                             27 ;--------------------------------------------------------
                             28 ; global & static initialisations
                             29 ;--------------------------------------------------------
                             30 	.area _HOME
                             31 	.area _GSINIT
                             32 	.area _GSFINAL
                             33 	.area _GSINIT
                             34 ;--------------------------------------------------------
                             35 ; Home
                             36 ;--------------------------------------------------------
                             37 	.area _HOME
                             38 	.area _HOME
                             39 ;--------------------------------------------------------
                             40 ; code
                             41 ;--------------------------------------------------------
                             42 	.area _CODE
                             43 	.area _CODE
   0000                      44 _sp_enemy_ship:
   0000 00                   45 	.db #0x00	; 0
   0001 C0                   46 	.db #0xc0	; 192
   0002 80                   47 	.db #0x80	; 128
   0003 00                   48 	.db #0x00	; 0
   0004 00                   49 	.db #0x00	; 0
   0005 40                   50 	.db #0x40	; 64
   0006 C0                   51 	.db #0xc0	; 192
   0007 00                   52 	.db #0x00	; 0
   0008 40                   53 	.db #0x40	; 64
   0009 E0                   54 	.db #0xe0	; 224
   000A 80                   55 	.db #0x80	; 128
   000B 00                   56 	.db #0x00	; 0
   000C 00                   57 	.db #0x00	; 0
   000D 40                   58 	.db #0x40	; 64
   000E C0                   59 	.db #0xc0	; 192
   000F 80                   60 	.db #0x80	; 128
   0010 40                   61 	.db #0x40	; 64
   0011 F0                   62 	.db #0xf0	; 240
   0012 C0                   63 	.db #0xc0	; 192
   0013 C0                   64 	.db #0xc0	; 192
   0014 C0                   65 	.db #0xc0	; 192
   0015 C0                   66 	.db #0xc0	; 192
   0016 F0                   67 	.db #0xf0	; 240
   0017 80                   68 	.db #0x80	; 128
   0018 40                   69 	.db #0x40	; 64
   0019 F0                   70 	.db #0xf0	; 240
   001A C0                   71 	.db #0xc0	; 192
   001B C0                   72 	.db #0xc0	; 192
   001C C0                   73 	.db #0xc0	; 192
   001D C0                   74 	.db #0xc0	; 192
   001E F0                   75 	.db #0xf0	; 240
   001F 80                   76 	.db #0x80	; 128
   0020 D0                   77 	.db #0xd0	; 208
   0021 F0                   78 	.db #0xf0	; 240
   0022 E0                   79 	.db #0xe0	; 224
   0023 F0                   80 	.db #0xf0	; 240
   0024 F0                   81 	.db #0xf0	; 240
   0025 D0                   82 	.db #0xd0	; 208
   0026 F0                   83 	.db #0xf0	; 240
   0027 C0                   84 	.db #0xc0	; 192
   0028 D0                   85 	.db #0xd0	; 208
   0029 D0                   86 	.db #0xd0	; 208
   002A A0                   87 	.db #0xa0	; 160
   002B F0                   88 	.db #0xf0	; 240
   002C F0                   89 	.db #0xf0	; 240
   002D 50                   90 	.db #0x50	; 80	'P'
   002E E0                   91 	.db #0xe0	; 224
   002F C0                   92 	.db #0xc0	; 192
   0030 40                   93 	.db #0x40	; 64
   0031 F0                   94 	.db #0xf0	; 240
   0032 3C                   95 	.db #0x3c	; 60
   0033 00                   96 	.db #0x00	; 0
   0034 00                   97 	.db #0x00	; 0
   0035 3C                   98 	.db #0x3c	; 60
   0036 F0                   99 	.db #0xf0	; 240
   0037 80                  100 	.db #0x80	; 128
   0038 40                  101 	.db #0x40	; 64
   0039 E0                  102 	.db #0xe0	; 224
   003A 03                  103 	.db #0x03	; 3
   003B 3C                  104 	.db #0x3c	; 60
   003C 3C                  105 	.db #0x3c	; 60
   003D 03                  106 	.db #0x03	; 3
   003E D0                  107 	.db #0xd0	; 208
   003F 80                  108 	.db #0x80	; 128
   0040 40                  109 	.db #0x40	; 64
   0041 F0                  110 	.db #0xf0	; 240
   0042 03                  111 	.db #0x03	; 3
   0043 33                  112 	.db #0x33	; 51	'3'
   0044 33                  113 	.db #0x33	; 51	'3'
   0045 03                  114 	.db #0x03	; 3
   0046 F0                  115 	.db #0xf0	; 240
   0047 80                  116 	.db #0x80	; 128
   0048 40                  117 	.db #0x40	; 64
   0049 F0                  118 	.db #0xf0	; 240
   004A A1                  119 	.db #0xa1	; 161
   004B FF                  120 	.db #0xff	; 255
   004C FF                  121 	.db #0xff	; 255
   004D 52                  122 	.db #0x52	; 82	'R'
   004E F0                  123 	.db #0xf0	; 240
   004F 80                  124 	.db #0x80	; 128
   0050 40                  125 	.db #0x40	; 64
   0051 F0                  126 	.db #0xf0	; 240
   0052 A1                  127 	.db #0xa1	; 161
   0053 03                  128 	.db #0x03	; 3
   0054 03                  129 	.db #0x03	; 3
   0055 52                  130 	.db #0x52	; 82	'R'
   0056 F0                  131 	.db #0xf0	; 240
   0057 80                  132 	.db #0x80	; 128
   0058 40                  133 	.db #0x40	; 64
   0059 F0                  134 	.db #0xf0	; 240
   005A F0                  135 	.db #0xf0	; 240
   005B C0                  136 	.db #0xc0	; 192
   005C C0                  137 	.db #0xc0	; 192
   005D F0                  138 	.db #0xf0	; 240
   005E E0                  139 	.db #0xe0	; 224
   005F 80                  140 	.db #0x80	; 128
   0060 00                  141 	.db #0x00	; 0
   0061 D0                  142 	.db #0xd0	; 208
   0062 F0                  143 	.db #0xf0	; 240
   0063 C4                  144 	.db #0xc4	; 196
   0064 C8                  145 	.db #0xc8	; 200
   0065 F0                  146 	.db #0xf0	; 240
   0066 E0                  147 	.db #0xe0	; 224
   0067 00                  148 	.db #0x00	; 0
   0068 00                  149 	.db #0x00	; 0
   0069 C0                  150 	.db #0xc0	; 192
   006A C0                  151 	.db #0xc0	; 192
   006B B8                  152 	.db #0xb8	; 184
   006C 74                  153 	.db #0x74	; 116	't'
   006D C0                  154 	.db #0xc0	; 192
   006E C0                  155 	.db #0xc0	; 192
   006F 00                  156 	.db #0x00	; 0
   0070 00                  157 	.db #0x00	; 0
   0071 40                  158 	.db #0x40	; 64
   0072 C0                  159 	.db #0xc0	; 192
   0073 CC                  160 	.db #0xcc	; 204
   0074 CC                  161 	.db #0xcc	; 204
   0075 C0                  162 	.db #0xc0	; 192
   0076 80                  163 	.db #0x80	; 128
   0077 00                  164 	.db #0x00	; 0
   0078 00                  165 	.db #0x00	; 0
   0079 00                  166 	.db #0x00	; 0
   007A 40                  167 	.db #0x40	; 64
   007B C0                  168 	.db #0xc0	; 192
   007C C0                  169 	.db #0xc0	; 192
   007D 80                  170 	.db #0x80	; 128
   007E 00                  171 	.db #0x00	; 0
   007F 00                  172 	.db #0x00	; 0
                            173 	.area _INITIALIZER
                            174 	.area _CABS (ABS)
