                              1 ;--------------------------------------------------------
                              2 ; File Created by SDCC : free open source ANSI-C Compiler
                              3 ; Version 3.6.8 #9946 (Linux)
                              4 ;--------------------------------------------------------
                              5 	.module nave
                              6 	.optsdcc -mz80
                              7 	
                              8 ;--------------------------------------------------------
                              9 ; Public variables in this module
                             10 ;--------------------------------------------------------
                             11 	.globl _sp_player_ship
                             12 ;--------------------------------------------------------
                             13 ; special function registers
                             14 ;--------------------------------------------------------
                             15 ;--------------------------------------------------------
                             16 ; ram data
                             17 ;--------------------------------------------------------
                             18 	.area _DATA
                             19 ;--------------------------------------------------------
                             20 ; ram data
                             21 ;--------------------------------------------------------
                             22 	.area _INITIALIZED
                             23 ;--------------------------------------------------------
                             24 ; absolute external ram data
                             25 ;--------------------------------------------------------
                             26 	.area _DABS (ABS)
                             27 ;--------------------------------------------------------
                             28 ; global & static initialisations
                             29 ;--------------------------------------------------------
                             30 	.area _HOME
                             31 	.area _GSINIT
                             32 	.area _GSFINAL
                             33 	.area _GSINIT
                             34 ;--------------------------------------------------------
                             35 ; Home
                             36 ;--------------------------------------------------------
                             37 	.area _HOME
                             38 	.area _HOME
                             39 ;--------------------------------------------------------
                             40 ; code
                             41 ;--------------------------------------------------------
                             42 	.area _CODE
                             43 	.area _CODE
   0000                      44 _sp_player_ship:
   0000 00                   45 	.db #0x00	; 0
   0001 00                   46 	.db #0x00	; 0
   0002 00                   47 	.db #0x00	; 0
   0003 40                   48 	.db #0x40	; 64
   0004 80                   49 	.db #0x80	; 128
   0005 00                   50 	.db #0x00	; 0
   0006 00                   51 	.db #0x00	; 0
   0007 00                   52 	.db #0x00	; 0
   0008 00                   53 	.db #0x00	; 0
   0009 00                   54 	.db #0x00	; 0
   000A 00                   55 	.db #0x00	; 0
   000B D0                   56 	.db #0xd0	; 208
   000C E0                   57 	.db #0xe0	; 224
   000D 00                   58 	.db #0x00	; 0
   000E 00                   59 	.db #0x00	; 0
   000F 00                   60 	.db #0x00	; 0
   0010 00                   61 	.db #0x00	; 0
   0011 00                   62 	.db #0x00	; 0
   0012 40                   63 	.db #0x40	; 64
   0013 F0                   64 	.db #0xf0	; 240
   0014 F0                   65 	.db #0xf0	; 240
   0015 80                   66 	.db #0x80	; 128
   0016 00                   67 	.db #0x00	; 0
   0017 00                   68 	.db #0x00	; 0
   0018 00                   69 	.db #0x00	; 0
   0019 00                   70 	.db #0x00	; 0
   001A D0                   71 	.db #0xd0	; 208
   001B F0                   72 	.db #0xf0	; 240
   001C F0                   73 	.db #0xf0	; 240
   001D E0                   74 	.db #0xe0	; 224
   001E 00                   75 	.db #0x00	; 0
   001F 00                   76 	.db #0x00	; 0
   0020 00                   77 	.db #0x00	; 0
   0021 00                   78 	.db #0x00	; 0
   0022 C0                   79 	.db #0xc0	; 192
   0023 D0                   80 	.db #0xd0	; 208
   0024 E0                   81 	.db #0xe0	; 224
   0025 C0                   82 	.db #0xc0	; 192
   0026 00                   83 	.db #0x00	; 0
   0027 00                   84 	.db #0x00	; 0
   0028 40                   85 	.db #0x40	; 64
   0029 00                   86 	.db #0x00	; 0
   002A 90                   87 	.db #0x90	; 144
   002B 60                   88 	.db #0x60	; 96
   002C 90                   89 	.db #0x90	; 144
   002D 60                   90 	.db #0x60	; 96
   002E 00                   91 	.db #0x00	; 0
   002F 80                   92 	.db #0x80	; 128
   0030 40                   93 	.db #0x40	; 64
   0031 00                   94 	.db #0x00	; 0
   0032 90                   95 	.db #0x90	; 144
   0033 30                   96 	.db #0x30	; 48	'0'
   0034 30                   97 	.db #0x30	; 48	'0'
   0035 60                   98 	.db #0x60	; 96
   0036 00                   99 	.db #0x00	; 0
   0037 80                  100 	.db #0x80	; 128
   0038 C0                  101 	.db #0xc0	; 192
   0039 80                  102 	.db #0x80	; 128
   003A 90                  103 	.db #0x90	; 144
   003B F0                  104 	.db #0xf0	; 240
   003C F0                  105 	.db #0xf0	; 240
   003D 60                  106 	.db #0x60	; 96
   003E 40                  107 	.db #0x40	; 64
   003F C0                  108 	.db #0xc0	; 192
   0040 D0                  109 	.db #0xd0	; 208
   0041 80                  110 	.db #0x80	; 128
   0042 90                  111 	.db #0x90	; 144
   0043 F0                  112 	.db #0xf0	; 240
   0044 F0                  113 	.db #0xf0	; 240
   0045 60                  114 	.db #0x60	; 96
   0046 40                  115 	.db #0x40	; 64
   0047 E0                  116 	.db #0xe0	; 224
   0048 D0                  117 	.db #0xd0	; 208
   0049 C0                  118 	.db #0xc0	; 192
   004A 90                  119 	.db #0x90	; 144
   004B F0                  120 	.db #0xf0	; 240
   004C F0                  121 	.db #0xf0	; 240
   004D 60                  122 	.db #0x60	; 96
   004E C0                  123 	.db #0xc0	; 192
   004F E0                  124 	.db #0xe0	; 224
   0050 D0                  125 	.db #0xd0	; 208
   0051 E0                  126 	.db #0xe0	; 224
   0052 30                  127 	.db #0x30	; 48	'0'
   0053 F0                  128 	.db #0xf0	; 240
   0054 F0                  129 	.db #0xf0	; 240
   0055 30                  130 	.db #0x30	; 48	'0'
   0056 D0                  131 	.db #0xd0	; 208
   0057 E0                  132 	.db #0xe0	; 224
   0058 D0                  133 	.db #0xd0	; 208
   0059 E0                  134 	.db #0xe0	; 224
   005A 90                  135 	.db #0x90	; 144
   005B F0                  136 	.db #0xf0	; 240
   005C F0                  137 	.db #0xf0	; 240
   005D 60                  138 	.db #0x60	; 96
   005E D0                  139 	.db #0xd0	; 208
   005F E0                  140 	.db #0xe0	; 224
   0060 D0                  141 	.db #0xd0	; 208
   0061 E0                  142 	.db #0xe0	; 224
   0062 C0                  143 	.db #0xc0	; 192
   0063 70                  144 	.db #0x70	; 112	'p'
   0064 B0                  145 	.db #0xb0	; 176
   0065 C0                  146 	.db #0xc0	; 192
   0066 D0                  147 	.db #0xd0	; 208
   0067 E0                  148 	.db #0xe0	; 224
   0068 90                  149 	.db #0x90	; 144
   0069 60                  150 	.db #0x60	; 96
   006A 00                  151 	.db #0x00	; 0
   006B 90                  152 	.db #0x90	; 144
   006C 60                  153 	.db #0x60	; 96
   006D 00                  154 	.db #0x00	; 0
   006E 90                  155 	.db #0x90	; 144
   006F 60                  156 	.db #0x60	; 96
   0070 C0                  157 	.db #0xc0	; 192
   0071 C0                  158 	.db #0xc0	; 192
   0072 00                  159 	.db #0x00	; 0
   0073 40                  160 	.db #0x40	; 64
   0074 80                  161 	.db #0x80	; 128
   0075 00                  162 	.db #0x00	; 0
   0076 C0                  163 	.db #0xc0	; 192
   0077 C0                  164 	.db #0xc0	; 192
   0078 40                  165 	.db #0x40	; 64
   0079 80                  166 	.db #0x80	; 128
   007A 00                  167 	.db #0x00	; 0
   007B 00                  168 	.db #0x00	; 0
   007C 00                  169 	.db #0x00	; 0
   007D 00                  170 	.db #0x00	; 0
   007E 40                  171 	.db #0x40	; 64
   007F 80                  172 	.db #0x80	; 128
                            173 	.area _INITIALIZER
                            174 	.area _CABS (ABS)
